app/build/outputs/logs/manifest-merger-debug-report.txt
-- Merging decision tree log ---
manifest
ADDED from src/main/AndroidManifest.xml:1:1-48:12
	package
		ADDED from src/main/AndroidManifest.xml:3:5-33
		INJECTED from src/main/AndroidManifest.xml
		INJECTED from src/main/AndroidManifest.xml
	android:versionName
		ADDED from src/main/AndroidManifest.xml:5:5-30
		INJECTED from src/main/AndroidManifest.xml
		INJECTED from src/main/AndroidManifest.xml
	xmlns:tools
		ADDED from src/main/AndroidManifest.xml:2:5-51
	android:versionCode
		ADDED from src/main/AndroidManifest.xml:4:5-28
		INJECTED from src/main/AndroidManifest.xml
		INJECTED from src/main/AndroidManifest.xml
	xmlns:android
		ADDED from src/main/AndroidManifest.xml:1:11-69
uses-permission#android.permission.SYSTEM_ALERT_WINDOW
ADDED from src/main/AndroidManifest.xml:7:5-78
	android:name
		ADDED from src/main/AndroidManifest.xml:7:22-75
uses-permission#android.permission.GET_TASKS
ADDED from src/main/AndroidManifest.xml:8:5-68
	android:name
		ADDED from src/main/AndroidManifest.xml:8:22-65
uses-permission#android.permission.EXPAND_STATUS_BAR
ADDED from src/main/AndroidManifest.xml:9:5-76
	android:name
		ADDED from src/main/AndroidManifest.xml:9:22-73
uses-permission#android.permission.RECEIVE_BOOT_COMPLETED
ADDED from src/main/AndroidManifest.xml:10:5-81
	android:name
		ADDED from src/main/AndroidManifest.xml:10:22-78
uses-sdk
ADDED from src/main/AndroidManifest.xml:12:5-15:39
	android:targetSdkVersion
		ADDED from src/main/AndroidManifest.xml:14:9-38
		INJECTED from src/main/AndroidManifest.xml
		INJECTED from src/main/AndroidManifest.xml
	tools:ignore
		ADDED from src/main/AndroidManifest.xml:15:9-36
	android:minSdkVersion
		ADDED from src/main/AndroidManifest.xml:13:9-34
		INJECTED from src/main/AndroidManifest.xml
		INJECTED from src/main/AndroidManifest.xml
application
ADDED from src/main/AndroidManifest.xml:17:5-46:19
	android:label
		ADDED from src/main/AndroidManifest.xml:20:9-41
	android:allowBackup
		ADDED from src/main/AndroidManifest.xml:18:9-35
	android:icon
		ADDED from src/main/AndroidManifest.xml:19:9-39
	android:theme
		ADDED from src/main/AndroidManifest.xml:21:9-40
receiver#com.dobong.taskbar.BootReceiver
ADDED from src/main/AndroidManifest.xml:22:9-29:20
	android:enabled
		ADDED from src/main/AndroidManifest.xml:24:13-35
	android:exported
		ADDED from src/main/AndroidManifest.xml:25:13-37
	android:name
		ADDED from src/main/AndroidManifest.xml:23:13-59
intent-filter#android.intent.action.BOOT_COMPLETED
ADDED from src/main/AndroidManifest.xml:26:13-28:29
action#android.intent.action.BOOT_COMPLETED
ADDED from src/main/AndroidManifest.xml:27:17-79
	android:name
		ADDED from src/main/AndroidManifest.xml:27:25-76
activity#com.dobong.taskbar.ActivityMain
ADDED from src/main/AndroidManifest.xml:31:9-40:20
	android:label
		ADDED from src/main/AndroidManifest.xml:33:13-45
	android:theme
		ADDED from src/main/AndroidManifest.xml:34:13-72
	android:name
		ADDED from src/main/AndroidManifest.xml:32:13-59
intent-filter#android.intent.action.MAIN+android.intent.category.LAUNCHER
ADDED from src/main/AndroidManifest.xml:35:13-39:29
action#android.intent.action.MAIN
ADDED from src/main/AndroidManifest.xml:36:17-69
	android:name
		ADDED from src/main/AndroidManifest.xml:36:25-66
category#android.intent.category.LAUNCHER
ADDED from src/main/AndroidManifest.xml:38:17-77
	android:name
		ADDED from src/main/AndroidManifest.xml:38:27-74
service#com.dobong.taskbar.TaskBarService
ADDED from src/main/AndroidManifest.xml:42:9-45:19
	android:label
		ADDED from src/main/AndroidManifest.xml:44:13-45
	android:name
		ADDED from src/main/AndroidManifest.xml:43:13-61